-------------------------------------------------------------------------------
Test set: com.javatechie.IdentityServiceApplicationTests
-------------------------------------------------------------------------------
Tests run: 1, Failures: 0, Errors: 1, Skipped: 0, Time elapsed: 1.049 s <<< FAILURE! - in com.javatechie.IdentityServiceApplicationTests
com.javatechie.IdentityServiceApplicationTests  Time elapsed: 1.047 s  <<< ERROR!
java.lang.IllegalStateException: Unable to find a @SpringBootConfiguration, you need to use @ContextConfiguration or @SpringBootTest(classes=...) with your test

